<?xml version="1.0" encoding="UTF-8"?>
<testsuites>
  <testsuite name="Tests\MailableAssertionsTest" tests="4" failures="2" errors="0">
    <testcase name="testPositiveMailAssertion" class="Tests\MailableAssertionsTest"/>
    <testcase name="testPositiveChainedAssertion" class="Tests\MailableAssertionsTest"/>
    <testcase name="testNegativeMailAssertion" class="Tests\MailableAssertionsTest">
      <failure message="failed"/>
    </testcase>
    <testcase name="testNegativeChainedAssertion" class="Tests\MailableAssertionsTest">
      <failure message="failed"/>
    </testcase>
  </testsuite>
</testsuites>
